<?xml version="1.0" encoding="UTF-8"?>
<!-- Generated by org.testng.reporters.JUnitReportReporter -->
<testsuite hostname="DESKTOP-IT0AO57" failures="0" tests="1" name="JATTask24.JATTask24.SignupTest" time="9.258" errors="0" timestamp="2024-11-27T12:50:57 IST" skipped="0">
  <testcase classname="JATTask24.JATTask24.SignupTest" name="testSignUp" time="9.258"/>
  <system-out/>
</testsuite> <!-- JATTask24.JATTask24.SignupTest -->
